# JRE version: OpenJDK Runtime Environment Microsoft-10376803 (21.0.5+11) (build 21.0.5+11-LTS)
# Java VM: OpenJDK 64-Bit Server VM Microsoft-10376803 (21.0.5+11-LTS, mixed mode, sharing, tiered, compressed oops, compressed class ptrs, g1 gc, linux-amd64)
GC Precious Log:
 CardTable entry size: 512
 Card Set container configuration: InlinePtr #cards 5 size 8 Array Of Cards #cards 12 size 40 Howl #buckets 4 coarsen threshold 1843 Howl Bitmap #cards 512 size 80 coarsen threshold 460 Card regions per heap region 1 cards per card region 2048
 CPUs: 2 total, 2 available
 Memory: 7928M
 Large Page Support: Disabled
 NUMA Support: Disabled
 Compressed Oops: Enabled (32-bit)
 Heap Region Size: 1M
 Heap Min Capacity: 8M
 Heap Initial Capacity: 124M
 Heap Max Capacity: 1984M
 Pre-touch: Disabled
 Parallel Workers: 2
 Concurrent Workers: 1
 Concurrent Refinement Workers: 2
 Periodic GC: Disabled
Heap:
 garbage-first heap   total 380928K, used 296473K [0x0000000084000000, 0x0000000100000000)
  region size 1024K, 214 young (219136K), 1 survivors (1024K)
 Metaspace       used 12753K, committed 13248K, reserved 1114112K
  class space    used 1246K, committed 1472K, reserved 1048576K
GC Heap History (20 events):
Event: 1869.107 GC heap before
{Heap before GC invocations=311 (full 3):
 garbage-first heap   total 380928K, used 307287K [0x0000000084000000, 0x0000000100000000)
  region size 1024K, 223 young (228352K), 1 survivors (1024K)
 Metaspace       used 12751K, committed 13248K, reserved 1114112K
  class space    used 1245K, committed 1472K, reserved 1048576K
}
Event: 1869.108 GC heap after
{Heap after GC invocations=312 (full 3):
 garbage-first heap   total 380928K, used 79925K [0x0000000084000000, 0x0000000100000000)
  region size 1024K, 1 young (1024K), 1 survivors (1024K)
 Metaspace       used 12751K, committed 13248K, reserved 1114112K
  class space    used 1245K, committed 1472K, reserved 1048576K
}
Event: 1869.287 GC heap before
{Heap before GC invocations=312 (full 3):
 garbage-first heap   total 380928K, used 307253K [0x0000000084000000, 0x0000000100000000)
  region size 1024K, 223 young (228352K), 1 survivors (1024K)
 Metaspace       used 12751K, committed 13248K, reserved 1114112K
  class space    used 1245K, committed 1472K, reserved 1048576K
}
Event: 1869.288 GC heap after
{Heap after GC invocations=313 (full 3):
 garbage-first heap   total 380928K, used 79807K [0x0000000084000000, 0x0000000100000000)
  region size 1024K, 1 young (1024K), 1 survivors (1024K)
 Metaspace       used 12751K, committed 13248K, reserved 1114112K
  class space    used 1245K, committed 1472K, reserved 1048576K
}
Event: 1869.483 GC heap before
{Heap before GC invocations=313 (full 3):
 garbage-first heap   total 380928K, used 307135K [0x0000000084000000, 0x0000000100000000)
  region size 1024K, 223 young (228352K), 1 survivors (1024K)
 Metaspace       used 12751K, committed 13248K, reserved 1114112K
  class space    used 1245K, committed 1472K, reserved 1048576K
}
Event: 1869.484 GC heap after
{Heap after GC invocations=314 (full 3):
 garbage-first heap   total 380928K, used 79870K [0x0000000084000000, 0x0000000100000000)
  region size 1024K, 1 young (1024K), 1 survivors (1024K)
 Metaspace       used 12751K, committed 13248K, reserved 1114112K
  class space    used 1245K, committed 1472K, reserved 1048576K
}
Event: 1869.727 GC heap before
{Heap before GC invocations=314 (full 3):
 garbage-first heap   total 380928K, used 307198K [0x0000000084000000, 0x0000000100000000)
  region size 1024K, 223 young (228352K), 1 survivors (1024K)
 Metaspace       used 12751K, committed 13248K, reserved 1114112K
  class space    used 1245K, committed 1472K, reserved 1048576K
}
Event: 1869.729 GC heap after
{Heap after GC invocations=315 (full 3):
 garbage-first heap   total 380928K, used 80066K [0x0000000084000000, 0x0000000100000000)
  region size 1024K, 1 young (1024K), 1 survivors (1024K)
 Metaspace       used 12751K, committed 13248K, reserved 1114112K
  class space    used 1245K, committed 1472K, reserved 1048576K
}
Event: 1869.921 GC heap before
{Heap before GC invocations=315 (full 3):
 garbage-first heap   total 380928K, used 307394K [0x0000000084000000, 0x0000000100000000)
  region size 1024K, 223 young (228352K), 1 survivors (1024K)
 Metaspace       used 12751K, committed 13248K, reserved 1114112K
  class space    used 1245K, committed 1472K, reserved 1048576K
}
Event: 1869.922 GC heap after
{Heap after GC invocations=316 (full 3):
 garbage-first heap   total 380928K, used 80082K [0x0000000084000000, 0x0000000100000000)
  region size 1024K, 1 young (1024K), 1 survivors (1024K)
 Metaspace       used 12751K, committed 13248K, reserved 1114112K
  class space    used 1245K, committed 1472K, reserved 1048576K
}
Event: 1870.099 GC heap before
{Heap before GC invocations=316 (full 3):
 garbage-first heap   total 380928K, used 307410K [0x0000000084000000, 0x0000000100000000)
  region size 1024K, 223 young (228352K), 1 survivors (1024K)
 Metaspace       used 12751K, committed 13248K, reserved 1114112K
  class space    used 1245K, committed 1472K, reserved 1048576K
}
Event: 1870.100 GC heap after
{Heap after GC invocations=317 (full 3):
 garbage-first heap   total 380928K, used 80129K [0x0000000084000000, 0x0000000100000000)
  region size 1024K, 1 young (1024K), 1 survivors (1024K)
 Metaspace       used 12751K, committed 13248K, reserved 1114112K
  class space    used 1245K, committed 1472K, reserved 1048576K
}
Event: 1870.276 GC heap before
{Heap before GC invocations=317 (full 3):
 garbage-first heap   total 380928K, used 307457K [0x0000000084000000, 0x0000000100000000)
  region size 1024K, 223 young (228352K), 1 survivors (1024K)
 Metaspace       used 12751K, committed 13248K, reserved 1114112K
  class space    used 1245K, committed 1472K, reserved 1048576K
}
Event: 1870.277 GC heap after
{Heap after GC invocations=318 (full 3):
 garbage-first heap   total 380928K, used 80225K [0x0000000084000000, 0x0000000100000000)
  region size 1024K, 2 young (2048K), 2 survivors (2048K)
 Metaspace       used 12751K, committed 13248K, reserved 1114112K
  class space    used 1245K, committed 1472K, reserved 1048576K
}
Event: 1870.468 GC heap before
{Heap before GC invocations=318 (full 3):
 garbage-first heap   total 380928K, used 306529K [0x0000000084000000, 0x0000000100000000)
  region size 1024K, 223 young (228352K), 2 survivors (2048K)
 Metaspace       used 12751K, committed 13248K, reserved 1114112K
  class space    used 1245K, committed 1472K, reserved 1048576K
}
Event: 1870.469 GC heap after
{Heap after GC invocations=319 (full 3):
 garbage-first heap   total 380928K, used 79786K [0x0000000084000000, 0x0000000100000000)
  region size 1024K, 1 young (1024K), 1 survivors (1024K)
 Metaspace       used 12751K, committed 13248K, reserved 1114112K
  class space    used 1245K, committed 1472K, reserved 1048576K
}
Event: 1870.643 GC heap before
{Heap before GC invocations=319 (full 3):
 garbage-first heap   total 380928K, used 307114K [0x0000000084000000, 0x0000000100000000)
  region size 1024K, 223 young (228352K), 1 survivors (1024K)
 Metaspace       used 12751K, committed 13248K, reserved 1114112K
  class space    used 1245K, committed 1472K, reserved 1048576K
}
Event: 1870.644 GC heap after
{Heap after GC invocations=320 (full 3):
 garbage-first heap   total 380928K, used 79798K [0x0000000084000000, 0x0000000100000000)
  region size 1024K, 1 young (1024K), 1 survivors (1024K)
 Metaspace       used 12751K, committed 13248K, reserved 1114112K
  class space    used 1245K, committed 1472K, reserved 1048576K
}
Event: 1870.820 GC heap before
{Heap before GC invocations=320 (full 3):
 garbage-first heap   total 380928K, used 307126K [0x0000000084000000, 0x0000000100000000)
  region size 1024K, 223 young (228352K), 1 survivors (1024K)
 Metaspace       used 12751K, committed 13248K, reserved 1114112K
  class space    used 1245K, committed 1472K, reserved 1048576K
}
Event: 1870.822 GC heap after
{Heap after GC invocations=321 (full 3):
 garbage-first heap   total 380928K, used 79385K [0x0000000084000000, 0x0000000100000000)
  region size 1024K, 1 young (1024K), 1 survivors (1024K)
 Metaspace       used 12751K, committed 13248K, reserved 1114112K
  class space    used 1245K, committed 1472K, reserved 1048576K
}

